<?xml version="1.0" encoding="UTF-8"?>
<!-- Generated by org.testng.reporters.JUnitXMLReporter -->
<testsuite ignored="0" hostname="Restop-8732" failures="0" tests="1" name="ChromeBrowser" time="2.735" errors="0" timestamp="2023-03-05T16:43:36 EST">
  <testcase classname="baseclasses.UIBaseClass" name="@BeforeMethod startWithCleanBrowser" time="2.619">
    <failure type="org.openqa.selenium.SessionNotCreatedException" message="Could not start a new session. Response code 500. Message: unknown error: Chrome failed to start: exited normally.
  (unknown error: DevToolsActivePort file doesn&amp;apos;t exist)
  (The process started from chrome location C:\Program Files\Google\Chrome\Application\chrome.exe is no longer running, so ChromeDriver is assuming that Chrome has crashed.) 
Host info: host: &amp;apos;RESTOP-8732&amp;apos;, ip: &amp;apos;192.168.1.233&amp;apos;
Build info: version: &amp;apos;4.8.1&amp;apos;, revision: &amp;apos;8ebccac989&amp;apos;
System info: os.name: &amp;apos;Windows 11&amp;apos;, os.arch: &amp;apos;amd64&amp;apos;, os.version: &amp;apos;10.0&amp;apos;, java.version: &amp;apos;17.0.4.1&amp;apos;
Driver info: org.openqa.selenium.chrome.ChromeDriver
Command: [null, newSession {capabilities=[Capabilities {browserName: chrome, goog:chromeOptions: {args: [--no-sandbox, --user-data-dir=C:\Users\Re..., --start-maximized, disable-infobars, --disable-extensions, --disable-gpu, --disable-gpu, --disable-dev-shm-usage&amp;apos;, --profile-directory=Default], extensions: [], useAutomationExtension: false}}], desiredCapabilities=Capabilities {browserName: chrome, goog:chromeOptions: {args: [--no-sandbox, --user-data-dir=C:\Users\Re..., --start-maximized, disable-infobars, --disable-extensions, --disable-gpu, --disable-gpu, --disable-dev-shm-usage&amp;apos;, --profile-directory=Default], extensions: [], useAutomationExtension: false}}}]">
      <![CDATA[org.openqa.selenium.SessionNotCreatedException: Could not start a new session. Response code 500. Message: unknown error: Chrome failed to start: exited normally.
  (unknown error: DevToolsActivePort file doesn't exist)
  (The process started from chrome location C:\Program Files\Google\Chrome\Application\chrome.exe is no longer running, so ChromeDriver is assuming that Chrome has crashed.) 
Host info: host: 'RESTOP-8732', ip: '192.168.1.233'
Build info: version: '4.8.1', revision: '8ebccac989'
System info: os.name: 'Windows 11', os.arch: 'amd64', os.version: '10.0', java.version: '17.0.4.1'
Driver info: org.openqa.selenium.chrome.ChromeDriver
Command: [null, newSession {capabilities=[Capabilities {browserName: chrome, goog:chromeOptions: {args: [--no-sandbox, --user-data-dir=C:\Users\Re..., --start-maximized, disable-infobars, --disable-extensions, --disable-gpu, --disable-gpu, --disable-dev-shm-usage', --profile-directory=Default], extensions: [], useAutomationExtension: false}}], desiredCapabilities=Capabilities {browserName: chrome, goog:chromeOptions: {args: [--no-sandbox, --user-data-dir=C:\Users\Re..., --start-maximized, disable-infobars, --disable-extensions, --disable-gpu, --disable-gpu, --disable-dev-shm-usage', --profile-directory=Default], extensions: [], useAutomationExtension: false}}}]
at org.openqa.selenium.remote.ProtocolHandshake.createSession(ProtocolHandshake.java:148)
at org.openqa.selenium.remote.ProtocolHandshake.createSession(ProtocolHandshake.java:106)
at org.openqa.selenium.remote.ProtocolHandshake.createSession(ProtocolHandshake.java:67)
at org.openqa.selenium.remote.HttpCommandExecutor.execute(HttpCommandExecutor.java:156)
at org.openqa.selenium.remote.service.DriverCommandExecutor.invokeExecute(DriverCommandExecutor.java:167)
at org.openqa.selenium.remote.service.DriverCommandExecutor.execute(DriverCommandExecutor.java:142)
at org.openqa.selenium.remote.RemoteWebDriver.execute(RemoteWebDriver.java:543)
at org.openqa.selenium.remote.RemoteWebDriver.startSession(RemoteWebDriver.java:229)
at org.openqa.selenium.remote.RemoteWebDriver.<init>(RemoteWebDriver.java:157)
at org.openqa.selenium.chromium.ChromiumDriver.<init>(ChromiumDriver.java:101)
at org.openqa.selenium.chrome.ChromeDriver.<init>(ChromeDriver.java:82)
at org.openqa.selenium.chrome.ChromeDriver.<init>(ChromeDriver.java:71)
at browsers.E2EChrome.getDriver(E2EChrome.java:46)
at browsers.E2EChrome.getDriver(E2EChrome.java:16)
at baseclasses.UIBaseClass.startWithCleanBrowser(UIBaseClass.java:74)
at java.base/java.util.ArrayList.forEach(ArrayList.java:1511)
... Removed 34 stack frames]]>
    </failure>
  </testcase> <!-- @BeforeMethod startWithCleanBrowser -->
  <testcase classname="baseclasses.UIBaseClass" name="@AfterMethod closeBrowserAfterTest" time="0.001">
    <failure type="java.lang.NullPointerException" message="Cannot invoke &amp;quot;org.openqa.selenium.WebDriver.quit()&amp;quot; because &amp;quot;baseclasses.UIBaseClass.driver&amp;quot; is null">
      <![CDATA[java.lang.NullPointerException: Cannot invoke "org.openqa.selenium.WebDriver.quit()" because "baseclasses.UIBaseClass.driver" is null
at baseclasses.UIBaseClass.closeBrowserAfterTest(UIBaseClass.java:92)
at java.base/java.util.ArrayList.forEach(ArrayList.java:1511)
... Removed 35 stack frames]]>
    </failure>
  </testcase> <!-- @AfterMethod closeBrowserAfterTest -->
  <testcase classname="e2e.FacebookairbnbnycmembersTest" name="askEveryFacebookMemberIfTheyCanHelp" time="0.0">
    <skipped/>
  </testcase> <!-- askEveryFacebookMemberIfTheyCanHelp -->
</testsuite> <!-- ChromeBrowser -->
