<?xml version="1.0" encoding="UTF-8"?>
<testsuite xmlns:xsi="http://www.w3.org/2001/XMLSchema-instance" xsi:schemaLocation="https://maven.apache.org/surefire/maven-surefire-plugin/xsd/surefire-test-report.xsd" name="TestSuite" time="3.446" tests="3" errors="0" skipped="1" failures="2">
  <properties>
    <property name="java.runtime.name" value="Java(TM) SE Runtime Environment"/>
    <property name="java.vm.version" value="17.0.4.1+1-LTS-2"/>
    <property name="sun.boot.library.path" value="C:\Users\Restop-8734\My_Programs\jabba\jdk\1.17.0-4\bin"/>
    <property name="maven.multiModuleProjectDirectory" value="C:\Users\Restop-8734\My_Apps\Living_Space_App\apps\zero\testing\loading_all_airbnb_accts"/>
    <property name="java.vm.vendor" value="Oracle Corporation"/>
    <property name="java.vendor.url" value="https://java.oracle.com/"/>
    <property name="guice.disable.misplaced.annotation.check" value="true"/>
    <property name="path.separator" value=";"/>
    <property name="java.vm.name" value="Java HotSpot(TM) 64-Bit Server VM"/>
    <property name="sun.os.patch.level" value=""/>
    <property name="user.script" value=""/>
    <property name="user.country" value="US"/>
    <property name="sun.java.launcher" value="SUN_STANDARD"/>
    <property name="java.vm.specification.name" value="Java Virtual Machine Specification"/>
    <property name="user.dir" value="C:\Users\Restop-8734\My_Apps\Living_Space_App\apps\zero\testing\loading_all_airbnb_accts"/>
    <property name="java.vm.compressedOopsMode" value="Zero based"/>
    <property name="java.runtime.version" value="17.0.4.1+1-LTS-2"/>
    <property name="paramBrowser" value="CHROME"/>
    <property name="os.arch" value="amd64"/>
    <property name="java.io.tmpdir" value="C:\Users\RESTOP~1\AppData\Local\Temp\"/>
    <property name="line.separator" value="&#10;"/>
    <property name="java.vm.specification.vendor" value="Oracle Corporation"/>
    <property name="user.variant" value=""/>
    <property name="os.name" value="Windows 11"/>
    <property name="classworlds.conf" value="C:\Users\Restop-8734\My_Programs\maven\apache-maven-3.8.7\bin\m2.conf"/>
    <property name="sun.jnu.encoding" value="Cp1252"/>
    <property name="java.library.path" value="C:\Users\Restop-8734\My_Programs\jabba\jdk\1.17.0-4\bin;C:\WINDOWS\Sun\Java\bin;C:\WINDOWS\system32;C:\WINDOWS;C:\Users\Restop-8734\My_Programs\jabba\jdk\1.17.0-4\bin;C:\Users\Restop-8734\My_Programs\gvm\versions\go1.18.5.windows.amd64\bin;C:\Program Files\Google\Chrome\Application;C:\Program Files\Google\Chrome\Application;C:\Users\Restop-8734\My_Programs\Opera;C:\Users\Restop-8734\My_Programs\Opera;C:\Users\Restop-8734\My_Programs\Mozilla Firefox;C:\Users\Restop-8734\My_Programs\Mozilla Firefox;C:\Users\Restop-8734\My_Programs\maven\apache-maven-3.8.7\bin;C:\Users\Restop-8734\My_Programs\maven\apache-maven-3.8.7\bin;C:\Users\Restop-8734\My_Programs\Oracle\VirtualBox;C:\Users\Restop-8734\My_Programs\Android\cmdline-tools\bin;C:\Users\Restop-8734\My_Programs\Android\build-tools;C:\Users\Restop-8734\My_Programs\Android\cmdline-tools;C:\Users\Restop-8734\My_Programs\Android\tools;C:\Users\Restop-8734\My_Programs\Android\Sdk;C:\Users\Restop-8734\My_Programs\Android\Sdk\emulator;C:\Users\Restop-8734\My_Programs\Android\Sdk\platform-tools;C:\Users\Restop-8734\My_Programs\Android\Sdk\tools\bin;C:\Users\Restop-8734\My_Programs\gvm\versions\go1.18.5.windows.amd64\bin;C:\Users\Restop-8734\My_Programs\gvm;C:\Users\Restop-8734\My_Programs\gvm;C:\Users\Restop-8734\My_Programs\jabba;C:\Users\Restop-8734\My_Programs\jabba\bin;C:\Users\Restop-8734\My_Programs\msys64\usr\bin;C:\Users\Restop-8734\My_Programs\rbenv\bin;C:\Users\Restop-8734\My_Programs\rbenv\shims;C:\Users\Restop-8734\My_Programs\flutter\bin;C:\Users\Restop-8734\My_Programs\Google\Cloud SDK\google-cloud-sdk\bin;C:\Users\Restop-8734\My_Programs\nvm;C:\Users\Restop-8734\My_Programs\nodejs;C:\Users\Restop-8734\My_Programs\pyenv\pyenv-win\bin;C:\Users\Restop-8734\My_Programs\pyenv\pyenv-win\shims;C:\Users\Restop-8734\My_Programs\PortableGit\bin;C:\Users\Restop-8734\My_Programs\PortableGit;C:\Users\Restop-8734\My_Programs\7-Zip;C:\Windows\system32;C:\Windows;C:\Windows\System32\Wbem;C:\Windows\System32\WindowsPowerShell\v1.0\;C:\Windows\System32\OpenSSH\;C:\WINDOWS\system32;C:\WINDOWS;C:\WINDOWS\System32\Wbem;C:\WINDOWS\System32\WindowsPowerShell\v1.0\;C:\WINDOWS\System32\OpenSSH\;C:\Program Files\Docker\Docker\resources\bin;C:\ProgramData\DockerDesktop\version-bin;C:\Program Files\Google\Chrome\Application;C:\Program Files\Google\Chrome\Application;C:\Users\Restop-8734\My_Programs\Opera;C:\Users\Restop-8734\My_Programs\Opera;C:\Users\Restop-8734\My_Programs\Mozilla Firefox;C:\Users\Restop-8734\My_Programs\Mozilla Firefox;C:\Users\Restop-8734\My_Programs\maven\apache-maven-3.8.7\bin;C:\Users\Restop-8734\My_Programs\maven\apache-maven-3.8.7\bin;C:\Users\Restop-8734\My_Programs\maven\apache-maven-3.8.7\bin;C:\Users\Restop-8734\My_Programs\nvm;C:\Users\Restop-8734\My_Programs\nodejs;C:\Users\Restop-8734\AppData\Local\Microsoft\WindowsApps;C:\Users\Restop-8734\My_Programs\Microsoft VS Code\bin;C:\Users\Restop-8734\My_Programs\Google\Cloud SDK\google-cloud-sdk\bin;C:\Users\Restop-8734\AppData\Local\Microsoft\WindowsApps;C:\Users\Restop-8734\My_Programs\Chocolatey\bin;C:\Users\Restop-8734\My_Programs\JetBrains\IntelliJ IDEA 2022.2.3\bin;C:\Users\Restop-8734\AppData\Local\JetBrains\Toolbox\scripts;;C:\Users\Restop-8734\My_Programs\Azure Data Studio\bin;."/>
    <property name="maven.conf" value="C:\Users\Restop-8734\My_Programs\maven\apache-maven-3.8.7/conf"/>
    <property name="jdk.debug" value="release"/>
    <property name="java.class.version" value="61.0"/>
    <property name="java.specification.name" value="Java Platform API Specification"/>
    <property name="sun.management.compiler" value="HotSpot 64-Bit Tiered Compilers"/>
    <property name="os.version" value="10.0"/>
    <property name="library.jansi.path" value="C:\Users\Restop-8734\My_Programs\maven\apache-maven-3.8.7\lib\jansi-native"/>
    <property name="user.home" value="C:\Users\Restop-8734"/>
    <property name="user.timezone" value="America/New_York"/>
    <property name="file.encoding" value="Cp1252"/>
    <property name="java.specification.version" value="17"/>
    <property name="user.name" value="Restop-8734"/>
    <property name="java.class.path" value="C:\Users\Restop-8734\My_Programs\maven\apache-maven-3.8.7\boot\plexus-classworlds-2.6.0.jar"/>
    <property name="java.vm.specification.version" value="17"/>
    <property name="sun.arch.data.model" value="64"/>
    <property name="sun.java.command" value="org.codehaus.plexus.classworlds.launcher.Launcher test -DsuiteFile=src\test\resources\tests.xml -DparamBrowser=CHROME -DparamEnv=DEV"/>
    <property name="java.home" value="C:\Users\Restop-8734\My_Programs\jabba\jdk\1.17.0-4"/>
    <property name="user.language" value="en"/>
    <property name="java.specification.vendor" value="Oracle Corporation"/>
    <property name="java.vm.info" value="mixed mode, sharing"/>
    <property name="java.version" value="17.0.4.1"/>
    <property name="native.encoding" value="Cp1252"/>
    <property name="java.vendor" value="Oracle Corporation"/>
    <property name="sun.stderr.encoding" value="cp437"/>
    <property name="maven.home" value="C:\Users\Restop-8734\My_Programs\maven\apache-maven-3.8.7"/>
    <property name="file.separator" value="\"/>
    <property name="java.version.date" value="2022-08-18"/>
    <property name="java.vendor.url.bug" value="https://bugreport.java.com/bugreport/"/>
    <property name="sun.io.unicode.encoding" value="UnicodeLittle"/>
    <property name="sun.cpu.endian" value="little"/>
    <property name="paramEnv" value="DEV"/>
    <property name="suiteFile" value="src\test\resources\tests.xml"/>
    <property name="sun.stdout.encoding" value="cp437"/>
    <property name="sun.cpu.isalist" value="amd64"/>
  </properties>
  <testcase name="startWithCleanBrowser" classname="e2e.FacebookairbnbnycmembersTest" time="3.128">
    <failure message="Could not start a new session. Response code 500. Message: unknown error: Chrome failed to start: exited normally.&#10;  (unknown error: DevToolsActivePort file doesn&apos;t exist)&#10;  (The process started from chrome location C:\Program Files\Google\Chrome\Application\chrome.exe is no longer running, so ChromeDriver is assuming that Chrome has crashed.) &#10;Host info: host: &apos;RESTOP-8732&apos;, ip: &apos;192.168.1.233&apos;&#10;Build info: version: &apos;4.8.1&apos;, revision: &apos;8ebccac989&apos;&#10;System info: os.name: &apos;Windows 11&apos;, os.arch: &apos;amd64&apos;, os.version: &apos;10.0&apos;, java.version: &apos;17.0.4.1&apos;&#10;Driver info: org.openqa.selenium.chrome.ChromeDriver&#10;Command: [null, newSession {capabilities=[Capabilities {browserName: chrome, goog:chromeOptions: {args: [--no-sandbox, --user-data-dir=C:\Users\Re..., --start-maximized, disable-infobars, --disable-extensions, --disable-gpu, --disable-gpu, --disable-dev-shm-usage&apos;, --profile-directory=Default], extensions: [], useAutomationExtension: false}}], desiredCapabilities=Capabilities {browserName: chrome, goog:chromeOptions: {args: [--no-sandbox, --user-data-dir=C:\Users\Re..., --start-maximized, disable-infobars, --disable-extensions, --disable-gpu, --disable-gpu, --disable-dev-shm-usage&apos;, --profile-directory=Default], extensions: [], useAutomationExtension: false}}}]" type="org.openqa.selenium.SessionNotCreatedException">org.openqa.selenium.SessionNotCreatedException: 
Could not start a new session. Response code 500. Message: unknown error: Chrome failed to start: exited normally.
  (unknown error: DevToolsActivePort file doesn't exist)
  (The process started from chrome location C:\Program Files\Google\Chrome\Application\chrome.exe is no longer running, so ChromeDriver is assuming that Chrome has crashed.) 
Host info: host: 'RESTOP-8732', ip: '192.168.1.233'
Build info: version: '4.8.1', revision: '8ebccac989'
System info: os.name: 'Windows 11', os.arch: 'amd64', os.version: '10.0', java.version: '17.0.4.1'
Driver info: org.openqa.selenium.chrome.ChromeDriver
Command: [null, newSession {capabilities=[Capabilities {browserName: chrome, goog:chromeOptions: {args: [--no-sandbox, --user-data-dir=C:\Users\Re..., --start-maximized, disable-infobars, --disable-extensions, --disable-gpu, --disable-gpu, --disable-dev-shm-usage', --profile-directory=Default], extensions: [], useAutomationExtension: false}}], desiredCapabilities=Capabilities {browserName: chrome, goog:chromeOptions: {args: [--no-sandbox, --user-data-dir=C:\Users\Re..., --start-maximized, disable-infobars, --disable-extensions, --disable-gpu, --disable-gpu, --disable-dev-shm-usage', --profile-directory=Default], extensions: [], useAutomationExtension: false}}}]
</failure>
    <system-err><![CDATA[SLF4J: No SLF4J providers were found.
SLF4J: Defaulting to no-operation (NOP) logger implementation
SLF4J: See https://www.slf4j.org/codes.html#noProviders for further details.
Starting ChromeDriver 110.0.5481.77 (65ed616c6e8ee3fe0ad64fe83796c020644d42af-refs/branch-heads/5481@{#839}) on port 18865
Only local connections are allowed.
Please see https://chromedriver.chromium.org/security-considerations for suggestions on keeping ChromeDriver safe.
ChromeDriver was started successfully.
[1678052615.433][WARNING]: Deprecated chrome option is ignored: useAutomationExtension
[1678052615.433][WARNING]: Deprecated chrome option is ignored: useAutomationExtension
]]></system-err>
  </testcase>
  <testcase name="askEveryFacebookMemberIfTheyCanHelp" classname="e2e.FacebookairbnbnycmembersTest" time="0">
    <skipped message="Could not start a new session. Response code 500. Message: unknown error: Chrome failed to start: exited normally.&#10;  (unknown error: DevToolsActivePort file doesn&apos;t exist)&#10;  (The process started from chrome location C:\Program Files\Google\Chrome\Application\chrome.exe is no longer running, so ChromeDriver is assuming that Chrome has crashed.) &#10;Host info: host: &apos;RESTOP-8732&apos;, ip: &apos;192.168.1.233&apos;&#10;Build info: version: &apos;4.8.1&apos;, revision: &apos;8ebccac989&apos;&#10;System info: os.name: &apos;Windows 11&apos;, os.arch: &apos;amd64&apos;, os.version: &apos;10.0&apos;, java.version: &apos;17.0.4.1&apos;&#10;Driver info: org.openqa.selenium.chrome.ChromeDriver&#10;Command: [null, newSession {capabilities=[Capabilities {browserName: chrome, goog:chromeOptions: {args: [--no-sandbox, --user-data-dir=C:\Users\Re..., --start-maximized, disable-infobars, --disable-extensions, --disable-gpu, --disable-gpu, --disable-dev-shm-usage&apos;, --profile-directory=Default], extensions: [], useAutomationExtension: false}}], desiredCapabilities=Capabilities {browserName: chrome, goog:chromeOptions: {args: [--no-sandbox, --user-data-dir=C:\Users\Re..., --start-maximized, disable-infobars, --disable-extensions, --disable-gpu, --disable-gpu, --disable-dev-shm-usage&apos;, --profile-directory=Default], extensions: [], useAutomationExtension: false}}}]"/>
  </testcase>
  <testcase name="closeBrowserAfterTest" classname="e2e.FacebookairbnbnycmembersTest" time="0.002">
    <failure message="Cannot invoke &quot;org.openqa.selenium.WebDriver.quit()&quot; because &quot;baseclasses.UIBaseClass.driver&quot; is null" type="java.lang.NullPointerException">java.lang.NullPointerException: Cannot invoke "org.openqa.selenium.WebDriver.quit()" because "baseclasses.UIBaseClass.driver" is null
</failure>
  </testcase>
</testsuite>